[2026-03-11T01:24:12.212Z] GET /api/rulebooks
[2026-03-11T01:24:12.218Z] GET /api/sessions
[2026-03-11T01:24:12.223Z] GET /api/references
[2026-03-11T01:24:12.231Z] GET /api/validate
[2026-03-11T01:24:29.069Z] GET /api/rulebooks/syndicate-heist/versions
[2026-03-11T01:24:29.075Z] GET /api/rulebooks/syndicate-heist/components
[2026-03-11T01:24:29.085Z] GET /api/rulebooks/syndicate-heist/markdown
[2026-03-11T01:24:29.090Z] GET /api/rulebooks/syndicate-heist
[2026-03-11T01:24:29.103Z] GET /api/rulebooks/syndicate-heist/designs
[2026-03-11T01:24:40.752Z] GET /api/syndicate/content
[2026-03-11T01:24:52.788Z] GET /api/references
[2026-03-11T01:24:56.122Z] GET /api/sessions
[2026-03-11T01:24:56.891Z] GET /api/rulebooks
[2026-03-11T01:24:58.809Z] GET /api/rulebooks/syndicate-heist
[2026-03-11T01:24:58.846Z] GET /api/rulebooks/syndicate-heist/versions
[2026-03-11T01:24:58.848Z] GET /api/rulebooks/syndicate-heist/components
[2026-03-11T01:24:58.851Z] GET /api/rulebooks/syndicate-heist/markdown
[2026-03-11T01:24:58.863Z] GET /api/rulebooks/syndicate-heist/designs
[2026-03-11T01:41:08.820Z] GET /api/rulebooks/syndicate-heist
[2026-03-11T01:41:08.854Z] GET /api/rulebooks/syndicate-heist/versions
[2026-03-11T01:41:08.863Z] GET /api/rulebooks/syndicate-heist/components
[2026-03-11T01:41:08.867Z] GET /api/rulebooks/syndicate-heist/markdown
[2026-03-11T01:41:08.880Z] GET /api/rulebooks/syndicate-heist/designs
[2026-03-11T01:41:11.216Z] GET /api/rulebooks
[2026-03-11T01:41:13.774Z] GET /api/rulebooks/baddies-the-board-game
[2026-03-11T01:41:13.782Z] GET /api/rulebooks/baddies-the-board-game/versions
[2026-03-11T01:41:13.785Z] GET /api/rulebooks/baddies-the-board-game/designs
[2026-03-11T01:41:13.797Z] GET /api/rulebooks/baddies-the-board-game/markdown
[2026-03-11T01:41:13.804Z] GET /api/rulebooks/baddies-the-board-game/components
[2026-03-13T00:58:47.135Z] GET /api/rulebooks
[2026-03-13T00:58:52.161Z] GET /api/rulebooks/AtomicFrontiers
[2026-03-13T00:58:52.197Z] GET /api/rulebooks/AtomicFrontiers/versions
[2026-03-13T00:58:52.213Z] GET /api/rulebooks/AtomicFrontiers/components
[2026-03-13T00:58:52.260Z] GET /api/rulebooks/AtomicFrontiers/markdown
[2026-03-13T00:58:52.302Z] GET /api/rulebooks/AtomicFrontiers/designs
[2026-03-13T00:58:54.658Z] GET /api/validate
[2026-03-13T00:59:15.865Z] GET /api/references
[2026-03-13T01:01:28.681Z] GET /api/rulebooks
[2026-03-13T01:01:30.484Z] GET /api/rulebooks/AtomicFrontiers
[2026-03-13T01:01:30.530Z] GET /api/rulebooks/AtomicFrontiers/versions
[2026-03-13T01:01:30.532Z] GET /api/rulebooks/AtomicFrontiers/components
[2026-03-13T01:01:30.652Z] GET /api/rulebooks/AtomicFrontiers/markdown
[2026-03-13T01:01:30.668Z] GET /api/rulebooks/AtomicFrontiers/designs
[2026-03-13T01:02:54.121Z] GET /api/rulebooks
[2026-03-13T01:02:54.126Z] GET /api/sessions
[2026-03-13T01:02:54.130Z] GET /api/references
[2026-03-13T01:02:54.136Z] GET /api/validate
[2026-03-13T01:02:56.952Z] GET /api/rulebooks/AtomicFrontiers
[2026-03-13T01:02:57.009Z] GET /api/rulebooks/AtomicFrontiers/designs
[2026-03-13T01:02:57.013Z] GET /api/rulebooks/AtomicFrontiers/markdown
[2026-03-13T01:02:57.018Z] GET /api/rulebooks/AtomicFrontiers/components
[2026-03-13T01:02:57.032Z] GET /api/rulebooks/AtomicFrontiers/versions
[2026-03-13T01:03:14.246Z] GET /api/rulebooks/AtomicFrontiers/designs/e6f85f7e-2f23-475e-8c98-7303d82e70a9.json
[2026-03-13T01:03:20.481Z] GET /api/rulebooks/AtomicFrontiers/designs/e6f85f7e-2f23-475e-8c98-7303d82e70a9.json
[2026-03-23T00:05:09.972Z] GET /api/rulebooks
[2026-03-23T00:05:09.989Z] GET /api/sessions
[2026-03-23T00:05:09.992Z] GET /api/references
[2026-03-23T00:05:09.994Z] GET /api/validate
[2026-03-23T00:05:09.996Z] GET /api/design-sessions
[2026-03-23T00:05:09.998Z] GET /api/designer-profile
[2026-03-23T00:05:29.037Z] GET /api/rulebooks/pokenursery
[2026-03-23T00:05:29.039Z] GET /api/rulebooks/pokenursery/versions
[2026-03-23T00:05:29.044Z] GET /api/rulebooks/pokenursery/components
[2026-03-23T00:05:29.050Z] GET /api/rulebooks/pokenursery/markdown
[2026-03-23T00:05:29.053Z] GET /api/rulebooks/pokenursery/designs
[2026-03-23T00:07:08.216Z] GET /api/sessions
[2026-03-23T00:07:09.638Z] GET /api/references
[2026-03-23T00:07:11.719Z] GET /api/references/AtomicFrontiers/0.1.0-draft/mech_dice_rolling
[2026-03-23T00:07:16.444Z] GET /api/playtest-logs
[2026-03-23T00:07:18.109Z] GET /api/syndicate/content
[2026-03-23T00:07:28.267Z] GET /api/syndicate/content
[2026-03-23T00:07:34.604Z] GET /api/design-sessions
[2026-03-23T00:07:40.915Z] GET /api/design-sessions/PokNurseryBlissfulBeginnings/c42f8a14-0cff-4e47-b53f-a113db56a2c9
